CRITICAL - 2025-05-12 09:00:40 --> ErrorException: Undefined property: CodeIgniter\View\View::$session
[Method: GET, Route: login]
in APPPATH\Views\guru\login.php on line 17.
 1 APPPATH\Views\guru\login.php(17): CodeIgniter\Debug\Exceptions->errorHandler(2, 'Undefined property: CodeIgniter\\View\\View::$session', 'D:\\XAMPP-Update\\htdocs\\codeigniter4\\app\\Views\\guru\\login.php', 17)
 2 SYSTEMPATH\View\View.php(224): include('D:\\XAMPP-Update\\htdocs\\codeigniter4\\app\\Views\\guru\\login.php')
 3 SYSTEMPATH\View\View.php(227): CodeIgniter\View\View->CodeIgniter\View\{closure}()
 4 SYSTEMPATH\Common.php(1173): CodeIgniter\View\View->render('guru/login', [], true)
 5 APPPATH\Controllers\Auth.php(148): view('guru/login')
 6 SYSTEMPATH\CodeIgniter.php(933): App\Controllers\Auth->login()
 7 SYSTEMPATH\CodeIgniter.php(507): CodeIgniter\CodeIgniter->runController(Object(App\Controllers\Auth))
 8 SYSTEMPATH\CodeIgniter.php(354): CodeIgniter\CodeIgniter->handleRequest(null, Object(Config\Cache), false)
 9 SYSTEMPATH\Boot.php(334): CodeIgniter\CodeIgniter->run()
10 SYSTEMPATH\Boot.php(67): CodeIgniter\Boot::runCodeIgniter(Object(CodeIgniter\CodeIgniter))
11 FCPATH\index.php(59): CodeIgniter\Boot::bootWeb(Object(Config\Paths))
CRITICAL - 2025-05-12 10:51:32 --> ErrorException: Undefined property: CodeIgniter\View\View::$session
[Method: GET, Route: register_siswa]
in APPPATH\Views\student\register.php on line 36.
 1 APPPATH\Views\student\register.php(36): CodeIgniter\Debug\Exceptions->errorHandler(2, 'Undefined property: CodeIgniter\\View\\View::$session', 'D:\\XAMPP-Update\\htdocs\\codeigniter4\\app\\Views\\student\\register.php', 36)
 2 SYSTEMPATH\View\View.php(224): include('D:\\XAMPP-Update\\htdocs\\codeigniter4\\app\\Views\\student\\register.php')
 3 SYSTEMPATH\View\View.php(227): CodeIgniter\View\View->CodeIgniter\View\{closure}()
 4 SYSTEMPATH\Common.php(1173): CodeIgniter\View\View->render('student/register', [], true)
 5 APPPATH\Controllers\Auth.php(39): view('student/register', [...])
 6 SYSTEMPATH\CodeIgniter.php(933): App\Controllers\Auth->register_siswa()
 7 SYSTEMPATH\CodeIgniter.php(507): CodeIgniter\CodeIgniter->runController(Object(App\Controllers\Auth))
 8 SYSTEMPATH\CodeIgniter.php(354): CodeIgniter\CodeIgniter->handleRequest(null, Object(Config\Cache), false)
 9 SYSTEMPATH\Boot.php(334): CodeIgniter\CodeIgniter->run()
10 SYSTEMPATH\Boot.php(67): CodeIgniter\Boot::runCodeIgniter(Object(CodeIgniter\CodeIgniter))
11 FCPATH\index.php(59): CodeIgniter\Boot::bootWeb(Object(Config\Paths))
CRITICAL - 2025-05-12 10:53:43 --> ErrorException: Undefined property: CodeIgniter\View\View::$session
[Method: GET, Route: register_siswa]
in APPPATH\Views\student\register.php on line 36.
 1 APPPATH\Views\student\register.php(36): CodeIgniter\Debug\Exceptions->errorHandler(2, 'Undefined property: CodeIgniter\\View\\View::$session', 'D:\\XAMPP-Update\\htdocs\\codeigniter4\\app\\Views\\student\\register.php', 36)
 2 SYSTEMPATH\View\View.php(224): include('D:\\XAMPP-Update\\htdocs\\codeigniter4\\app\\Views\\student\\register.php')
 3 SYSTEMPATH\View\View.php(227): CodeIgniter\View\View->CodeIgniter\View\{closure}()
 4 SYSTEMPATH\Common.php(1173): CodeIgniter\View\View->render('student/register', [], true)
 5 APPPATH\Controllers\Auth.php(39): view('student/register', [...])
 6 SYSTEMPATH\CodeIgniter.php(933): App\Controllers\Auth->register_siswa()
 7 SYSTEMPATH\CodeIgniter.php(507): CodeIgniter\CodeIgniter->runController(Object(App\Controllers\Auth))
 8 SYSTEMPATH\CodeIgniter.php(354): CodeIgniter\CodeIgniter->handleRequest(null, Object(Config\Cache), false)
 9 SYSTEMPATH\Boot.php(334): CodeIgniter\CodeIgniter->run()
10 SYSTEMPATH\Boot.php(67): CodeIgniter\Boot::runCodeIgniter(Object(CodeIgniter\CodeIgniter))
11 FCPATH\index.php(59): CodeIgniter\Boot::bootWeb(Object(Config\Paths))
CRITICAL - 2025-05-12 11:00:42 --> ErrorException: Undefined property: CodeIgniter\View\View::$session
[Method: GET, Route: register_siswa]
in APPPATH\Views\student\register.php on line 36.
 1 APPPATH\Views\student\register.php(36): CodeIgniter\Debug\Exceptions->errorHandler(2, 'Undefined property: CodeIgniter\\View\\View::$session', 'D:\\XAMPP-Update\\htdocs\\codeigniter4\\app\\Views\\student\\register.php', 36)
 2 SYSTEMPATH\View\View.php(224): include('D:\\XAMPP-Update\\htdocs\\codeigniter4\\app\\Views\\student\\register.php')
 3 SYSTEMPATH\View\View.php(227): CodeIgniter\View\View->CodeIgniter\View\{closure}()
 4 SYSTEMPATH\Common.php(1173): CodeIgniter\View\View->render('student/register', [], true)
 5 APPPATH\Controllers\Auth.php(39): view('student/register', [...])
 6 SYSTEMPATH\CodeIgniter.php(933): App\Controllers\Auth->register_siswa()
 7 SYSTEMPATH\CodeIgniter.php(507): CodeIgniter\CodeIgniter->runController(Object(App\Controllers\Auth))
 8 SYSTEMPATH\CodeIgniter.php(354): CodeIgniter\CodeIgniter->handleRequest(null, Object(Config\Cache), false)
 9 SYSTEMPATH\Boot.php(334): CodeIgniter\CodeIgniter->run()
10 SYSTEMPATH\Boot.php(67): CodeIgniter\Boot::runCodeIgniter(Object(CodeIgniter\CodeIgniter))
11 FCPATH\index.php(59): CodeIgniter\Boot::bootWeb(Object(Config\Paths))
CRITICAL - 2025-05-12 11:02:59 --> ErrorException: Undefined property: CodeIgniter\View\View::$session
[Method: GET, Route: register_siswa]
in APPPATH\Views\student\register.php on line 36.
 1 APPPATH\Views\student\register.php(36): CodeIgniter\Debug\Exceptions->errorHandler(2, 'Undefined property: CodeIgniter\\View\\View::$session', 'D:\\XAMPP-Update\\htdocs\\codeigniter4\\app\\Views\\student\\register.php', 36)
 2 SYSTEMPATH\View\View.php(224): include('D:\\XAMPP-Update\\htdocs\\codeigniter4\\app\\Views\\student\\register.php')
 3 SYSTEMPATH\View\View.php(227): CodeIgniter\View\View->CodeIgniter\View\{closure}()
 4 SYSTEMPATH\Common.php(1173): CodeIgniter\View\View->render('student/register', [], true)
 5 APPPATH\Controllers\Auth.php(39): view('student/register', [...])
 6 SYSTEMPATH\CodeIgniter.php(933): App\Controllers\Auth->register_siswa()
 7 SYSTEMPATH\CodeIgniter.php(507): CodeIgniter\CodeIgniter->runController(Object(App\Controllers\Auth))
 8 SYSTEMPATH\CodeIgniter.php(354): CodeIgniter\CodeIgniter->handleRequest(null, Object(Config\Cache), false)
 9 SYSTEMPATH\Boot.php(334): CodeIgniter\CodeIgniter->run()
10 SYSTEMPATH\Boot.php(67): CodeIgniter\Boot::runCodeIgniter(Object(CodeIgniter\CodeIgniter))
11 FCPATH\index.php(59): CodeIgniter\Boot::bootWeb(Object(Config\Paths))
CRITICAL - 2025-05-12 11:21:32 --> ErrorException: Undefined property: CodeIgniter\View\View::$session
[Method: GET, Route: register_siswa]
in APPPATH\Views\student\register.php on line 36.
 1 APPPATH\Views\student\register.php(36): CodeIgniter\Debug\Exceptions->errorHandler(2, 'Undefined property: CodeIgniter\\View\\View::$session', 'D:\\XAMPP-Update\\htdocs\\codeigniter4\\app\\Views\\student\\register.php', 36)
 2 SYSTEMPATH\View\View.php(224): include('D:\\XAMPP-Update\\htdocs\\codeigniter4\\app\\Views\\student\\register.php')
 3 SYSTEMPATH\View\View.php(227): CodeIgniter\View\View->CodeIgniter\View\{closure}()
 4 SYSTEMPATH\Common.php(1173): CodeIgniter\View\View->render('student/register', [], true)
 5 APPPATH\Controllers\Auth.php(39): view('student/register', [...])
 6 SYSTEMPATH\CodeIgniter.php(933): App\Controllers\Auth->register_siswa()
 7 SYSTEMPATH\CodeIgniter.php(507): CodeIgniter\CodeIgniter->runController(Object(App\Controllers\Auth))
 8 SYSTEMPATH\CodeIgniter.php(354): CodeIgniter\CodeIgniter->handleRequest(null, Object(Config\Cache), false)
 9 SYSTEMPATH\Boot.php(334): CodeIgniter\CodeIgniter->run()
10 SYSTEMPATH\Boot.php(67): CodeIgniter\Boot::runCodeIgniter(Object(CodeIgniter\CodeIgniter))
11 FCPATH\index.php(59): CodeIgniter\Boot::bootWeb(Object(Config\Paths))
CRITICAL - 2025-05-12 11:22:24 --> ErrorException: Undefined property: CodeIgniter\View\View::$session
[Method: GET, Route: register_siswa]
in APPPATH\Views\student\register.php on line 36.
 1 APPPATH\Views\student\register.php(36): CodeIgniter\Debug\Exceptions->errorHandler(2, 'Undefined property: CodeIgniter\\View\\View::$session', 'D:\\XAMPP-Update\\htdocs\\codeigniter4\\app\\Views\\student\\register.php', 36)
 2 SYSTEMPATH\View\View.php(224): include('D:\\XAMPP-Update\\htdocs\\codeigniter4\\app\\Views\\student\\register.php')
 3 SYSTEMPATH\View\View.php(227): CodeIgniter\View\View->CodeIgniter\View\{closure}()
 4 SYSTEMPATH\Common.php(1173): CodeIgniter\View\View->render('student/register', [], true)
 5 APPPATH\Controllers\Auth.php(39): view('student/register', [...])
 6 SYSTEMPATH\CodeIgniter.php(933): App\Controllers\Auth->register_siswa()
 7 SYSTEMPATH\CodeIgniter.php(507): CodeIgniter\CodeIgniter->runController(Object(App\Controllers\Auth))
 8 SYSTEMPATH\CodeIgniter.php(354): CodeIgniter\CodeIgniter->handleRequest(null, Object(Config\Cache), false)
 9 SYSTEMPATH\Boot.php(334): CodeIgniter\CodeIgniter->run()
10 SYSTEMPATH\Boot.php(67): CodeIgniter\Boot::runCodeIgniter(Object(CodeIgniter\CodeIgniter))
11 FCPATH\index.php(59): CodeIgniter\Boot::bootWeb(Object(Config\Paths))
CRITICAL - 2025-05-12 11:23:20 --> ErrorException: Undefined property: CodeIgniter\View\View::$session
[Method: GET, Route: register_siswa]
in APPPATH\Views\student\register.php on line 36.
 1 APPPATH\Views\student\register.php(36): CodeIgniter\Debug\Exceptions->errorHandler(2, 'Undefined property: CodeIgniter\\View\\View::$session', 'D:\\XAMPP-Update\\htdocs\\codeigniter4\\app\\Views\\student\\register.php', 36)
 2 SYSTEMPATH\View\View.php(224): include('D:\\XAMPP-Update\\htdocs\\codeigniter4\\app\\Views\\student\\register.php')
 3 SYSTEMPATH\View\View.php(227): CodeIgniter\View\View->CodeIgniter\View\{closure}()
 4 SYSTEMPATH\Common.php(1173): CodeIgniter\View\View->render('student/register', [], true)
 5 APPPATH\Controllers\Auth.php(39): view('student/register', [...])
 6 SYSTEMPATH\CodeIgniter.php(933): App\Controllers\Auth->register_siswa()
 7 SYSTEMPATH\CodeIgniter.php(507): CodeIgniter\CodeIgniter->runController(Object(App\Controllers\Auth))
 8 SYSTEMPATH\CodeIgniter.php(354): CodeIgniter\CodeIgniter->handleRequest(null, Object(Config\Cache), false)
 9 SYSTEMPATH\Boot.php(334): CodeIgniter\CodeIgniter->run()
10 SYSTEMPATH\Boot.php(67): CodeIgniter\Boot::runCodeIgniter(Object(CodeIgniter\CodeIgniter))
11 FCPATH\index.php(59): CodeIgniter\Boot::bootWeb(Object(Config\Paths))
CRITICAL - 2025-05-12 11:23:21 --> ErrorException: Undefined property: CodeIgniter\View\View::$session
[Method: GET, Route: register_siswa]
in APPPATH\Views\student\register.php on line 36.
 1 APPPATH\Views\student\register.php(36): CodeIgniter\Debug\Exceptions->errorHandler(2, 'Undefined property: CodeIgniter\\View\\View::$session', 'D:\\XAMPP-Update\\htdocs\\codeigniter4\\app\\Views\\student\\register.php', 36)
 2 SYSTEMPATH\View\View.php(224): include('D:\\XAMPP-Update\\htdocs\\codeigniter4\\app\\Views\\student\\register.php')
 3 SYSTEMPATH\View\View.php(227): CodeIgniter\View\View->CodeIgniter\View\{closure}()
 4 SYSTEMPATH\Common.php(1173): CodeIgniter\View\View->render('student/register', [], true)
 5 APPPATH\Controllers\Auth.php(39): view('student/register', [...])
 6 SYSTEMPATH\CodeIgniter.php(933): App\Controllers\Auth->register_siswa()
 7 SYSTEMPATH\CodeIgniter.php(507): CodeIgniter\CodeIgniter->runController(Object(App\Controllers\Auth))
 8 SYSTEMPATH\CodeIgniter.php(354): CodeIgniter\CodeIgniter->handleRequest(null, Object(Config\Cache), false)
 9 SYSTEMPATH\Boot.php(334): CodeIgniter\CodeIgniter->run()
10 SYSTEMPATH\Boot.php(67): CodeIgniter\Boot::runCodeIgniter(Object(CodeIgniter\CodeIgniter))
11 FCPATH\index.php(59): CodeIgniter\Boot::bootWeb(Object(Config\Paths))
